# JRE version: OpenJDK Runtime Environment (8.0_191-b12) (build 1.8.0_191-8u191-b12-0ubuntu0.18.04.1-b12)
# Java VM: OpenJDK 64-Bit Server VM (25.191-b12 mixed mode linux-amd64 compressed oops)
Heap:
 PSYoungGen      total 61952K, used 51106K [0x00000000eb800000, 0x00000000f2b00000, 0x0000000100000000)
  eden space 51200K, 98% used [0x00000000eb800000,0x00000000ee929730,0x00000000eea00000)
  from space 10752K, 7% used [0x00000000f1600000,0x00000000f16bf1b0,0x00000000f2080000)
  to   space 10240K, 0% used [0x00000000f2100000,0x00000000f2100000,0x00000000f2b00000)
 ParOldGen       total 42496K, used 20166K [0x00000000c2800000, 0x00000000c5180000, 0x00000000eb800000)
  object space 42496K, 47% used [0x00000000c2800000,0x00000000c3bb1bb0,0x00000000c5180000)
 Metaspace       used 17463K, capacity 18222K, committed 18432K, reserved 1064960K
  class space    used 2274K, capacity 2481K, committed 2560K, reserved 1048576K
GC Heap History (10 events):
Event: 19.466 GC heap before
{Heap before GC invocations=9 (full 0):
 PSYoungGen      total 62464K, used 62240K [0x00000000eb800000, 0x00000000f3f80000, 0x0000000100000000)
  eden space 61440K, 100% used [0x00000000eb800000,0x00000000ef400000,0x00000000ef400000)
  from space 1024K, 78% used [0x00000000f3e80000,0x00000000f3f48000,0x00000000f3f80000)
  to   space 10752K, 0% used [0x00000000f2a80000,0x00000000f2a80000,0x00000000f3500000)
 ParOldGen       total 42496K, used 19542K [0x00000000c2800000, 0x00000000c5180000, 0x00000000eb800000)
  object space 42496K, 45% used [0x00000000c2800000,0x00000000c3b15b60,0x00000000c5180000)
 Metaspace       used 17171K, capacity 17902K, committed 18176K, reserved 1064960K
  class space    used 2271K, capacity 2481K, committed 2560K, reserved 1048576K
Event: 19.474 GC heap after
Heap after GC invocations=9 (full 0):
 PSYoungGen      total 60416K, used 672K [0x00000000eb800000, 0x00000000f3f00000, 0x0000000100000000)
  eden space 59392K, 0% used [0x00000000eb800000,0x00000000eb800000,0x00000000ef200000)
  from space 1024K, 65% used [0x00000000f2a80000,0x00000000f2b28000,0x00000000f2b80000)
  to   space 10752K, 0% used [0x00000000f3480000,0x00000000f3480000,0x00000000f3f00000)
 ParOldGen       total 42496K, used 19702K [0x00000000c2800000, 0x00000000c5180000, 0x00000000eb800000)
  object space 42496K, 46% used [0x00000000c2800000,0x00000000c3b3db60,0x00000000c5180000)
 Metaspace       used 17171K, capacity 17902K, committed 18176K, reserved 1064960K
  class space    used 2271K, capacity 2481K, committed 2560K, reserved 1048576K
}
Event: 22.742 GC heap before
{Heap before GC invocations=10 (full 0):
 PSYoungGen      total 60416K, used 60064K [0x00000000eb800000, 0x00000000f3f00000, 0x0000000100000000)
  eden space 59392K, 100% used [0x00000000eb800000,0x00000000ef200000,0x00000000ef200000)
  from space 1024K, 65% used [0x00000000f2a80000,0x00000000f2b28000,0x00000000f2b80000)
  to   space 10752K, 0% used [0x00000000f3480000,0x00000000f3480000,0x00000000f3f00000)
 ParOldGen       total 42496K, used 19702K [0x00000000c2800000, 0x00000000c5180000, 0x00000000eb800000)
  object space 42496K, 46% used [0x00000000c2800000,0x00000000c3b3db60,0x00000000c5180000)
 Metaspace       used 17203K, capacity 17966K, committed 18176K, reserved 1064960K
  class space    used 2271K, capacity 2481K, committed 2560K, reserved 1048576K
Event: 22.748 GC heap after
Heap after GC invocations=10 (full 0):
 PSYoungGen      total 58368K, used 608K [0x00000000eb800000, 0x00000000f3580000, 0x0000000100000000)
  eden space 57344K, 0% used [0x00000000eb800000,0x00000000eb800000,0x00000000ef000000)
  from space 1024K, 59% used [0x00000000f3480000,0x00000000f3518000,0x00000000f3580000)
  to   space 10752K, 0% used [0x00000000f2080000,0x00000000f2080000,0x00000000f2b00000)
 ParOldGen       total 42496K, used 19790K [0x00000000c2800000, 0x00000000c5180000, 0x00000000eb800000)
  object space 42496K, 46% used [0x00000000c2800000,0x00000000c3b53b80,0x00000000c5180000)
 Metaspace       used 17203K, capacity 17966K, committed 18176K, reserved 1064960K
  class space    used 2271K, capacity 2481K, committed 2560K, reserved 1048576K
}
Event: 26.670 GC heap before
{Heap before GC invocations=11 (full 0):
 PSYoungGen      total 58368K, used 57952K [0x00000000eb800000, 0x00000000f3580000, 0x0000000100000000)
  eden space 57344K, 100% used [0x00000000eb800000,0x00000000ef000000,0x00000000ef000000)
  from space 1024K, 59% used [0x00000000f3480000,0x00000000f3518000,0x00000000f3580000)
  to   space 10752K, 0% used [0x00000000f2080000,0x00000000f2080000,0x00000000f2b00000)
 ParOldGen       total 42496K, used 19790K [0x00000000c2800000, 0x00000000c5180000, 0x00000000eb800000)
  object space 42496K, 46% used [0x00000000c2800000,0x00000000c3b53b80,0x00000000c5180000)
 Metaspace       used 17263K, capacity 18030K, committed 18176K, reserved 1064960K
  class space    used 2271K, capacity 2481K, committed 2560K, reserved 1048576K
Event: 26.679 GC heap after
Heap after GC invocations=11 (full 0):
 PSYoungGen      total 55808K, used 512K [0x00000000eb800000, 0x00000000f3500000, 0x0000000100000000)
  eden space 55296K, 0% used [0x00000000eb800000,0x00000000eb800000,0x00000000eee00000)
  from space 512K, 100% used [0x00000000f2080000,0x00000000f2100000,0x00000000f2100000)
  to   space 10752K, 0% used [0x00000000f2a80000,0x00000000f2a80000,0x00000000f3500000)
 ParOldGen       total 42496K, used 19926K [0x00000000c2800000, 0x00000000c5180000, 0x00000000eb800000)
  object space 42496K, 46% used [0x00000000c2800000,0x00000000c3b75b90,0x00000000c5180000)
 Metaspace       used 17263K, capacity 18030K, committed 18176K, reserved 1064960K
  class space    used 2271K, capacity 2481K, committed 2560K, reserved 1048576K
}
Event: 30.154 GC heap before
{Heap before GC invocations=12 (full 0):
 PSYoungGen      total 55808K, used 55808K [0x00000000eb800000, 0x00000000f3500000, 0x0000000100000000)
  eden space 55296K, 100% used [0x00000000eb800000,0x00000000eee00000,0x00000000eee00000)
  from space 512K, 100% used [0x00000000f2080000,0x00000000f2100000,0x00000000f2100000)
  to   space 10752K, 0% used [0x00000000f2a80000,0x00000000f2a80000,0x00000000f3500000)
 ParOldGen       total 42496K, used 19926K [0x00000000c2800000, 0x00000000c5180000, 0x00000000eb800000)
  object space 42496K, 46% used [0x00000000c2800000,0x00000000c3b75b90,0x00000000c5180000)
 Metaspace       used 17294K, capacity 18030K, committed 18176K, reserved 1064960K
  class space    used 2271K, capacity 2481K, committed 2560K, reserved 1048576K
Event: 30.157 GC heap after
Heap after GC invocations=12 (full 0):
 PSYoungGen      total 53760K, used 448K [0x00000000eb800000, 0x00000000f2b00000, 0x0000000100000000)
  eden space 53248K, 0% used [0x00000000eb800000,0x00000000eb800000,0x00000000eec00000)
  from space 512K, 87% used [0x00000000f2a80000,0x00000000f2af0000,0x00000000f2b00000)
  to   space 10752K, 0% used [0x00000000f1600000,0x00000000f1600000,0x00000000f2080000)
 ParOldGen       total 42496K, used 20046K [0x00000000c2800000, 0x00000000c5180000, 0x00000000eb800000)
  object space 42496K, 47% used [0x00000000c2800000,0x00000000c3b93ba0,0x00000000c5180000)
 Metaspace       used 17294K, capacity 18030K, committed 18176K, reserved 1064960K
  class space    used 2271K, capacity 2481K, committed 2560K, reserved 1048576K
}
Event: 33.446 GC heap before
{Heap before GC invocations=13 (full 0):
 PSYoungGen      total 53760K, used 53696K [0x00000000eb800000, 0x00000000f2b00000, 0x0000000100000000)
  eden space 53248K, 100% used [0x00000000eb800000,0x00000000eec00000,0x00000000eec00000)
  from space 512K, 87% used [0x00000000f2a80000,0x00000000f2af0000,0x00000000f2b00000)
  to   space 10752K, 0% used [0x00000000f1600000,0x00000000f1600000,0x00000000f2080000)
 ParOldGen       total 42496K, used 20046K [0x00000000c2800000, 0x00000000c5180000, 0x00000000eb800000)
  object space 42496K, 47% used [0x00000000c2800000,0x00000000c3b93ba0,0x00000000c5180000)
 Metaspace       used 17370K, capacity 18158K, committed 18432K, reserved 1064960K
  class space    used 2271K, capacity 2481K, committed 2560K, reserved 1048576K
Event: 33.450 GC heap after
Heap after GC invocations=13 (full 0):
 PSYoungGen      total 61952K, used 764K [0x00000000eb800000, 0x00000000f2b00000, 0x0000000100000000)
  eden space 51200K, 0% used [0x00000000eb800000,0x00000000eb800000,0x00000000eea00000)
  from space 10752K, 7% used [0x00000000f1600000,0x00000000f16bf1b0,0x00000000f2080000)
  to   space 10240K, 0% used [0x00000000f2100000,0x00000000f2100000,0x00000000f2b00000)
 ParOldGen       total 42496K, used 20166K [0x00000000c2800000, 0x00000000c5180000, 0x00000000eb800000)
  object space 42496K, 47% used [0x00000000c2800000,0x00000000c3bb1bb0,0x00000000c5180000)
 Metaspace       used 17370K, capacity 18158K, committed 18432K, reserved 1064960K
  class space    used 2271K, capacity 2481K, committed 2560K, reserved 1048576K
}

